{"/Users/22282229/Documents/teste/matematica.js": {"path":"/Users/22282229/Documents/teste/matematica.js","statementMap":{"0":{"start":{"line":2,"column":4},"end":{"line":2,"column":16}},"1":{"start":{"line":6,"column":4},"end":{"line":6,"column":16}},"2":{"start":{"line":10,"column":3},"end":{"line":10,"column":40}},"3":{"start":{"line":13,"column":0},"end":{"line":17,"column":1}}},"fnMap":{"0":{"name":"soma","decl":{"start":{"line":1,"column":9},"end":{"line":1,"column":13}},"loc":{"start":{"line":1,"column":19},"end":{"line":3,"column":1}},"line":1},"1":{"name":"subtrair","decl":{"start":{"line":5,"column":9},"end":{"line":5,"column":17}},"loc":{"start":{"line":5,"column":23},"end":{"line":7,"column":1}},"line":5},"2":{"name":"fatorial","decl":{"start":{"line":9,"column":9},"end":{"line":9,"column":17}},"loc":{"start":{"line":9,"column":21},"end":{"line":11,"column":1}},"line":9}},"branchMap":{"0":{"loc":{"start":{"line":10,"column":10},"end":{"line":10,"column":40}},"type":"cond-expr","locations":[{"start":{"line":10,"column":19},"end":{"line":10,"column":20}},{"start":{"line":10,"column":23},"end":{"line":10,"column":40}}],"line":10}},"s":{"0":1,"1":1,"2":7,"3":1},"f":{"0":1,"1":1,"2":7},"b":{"0":[3,4]},"_coverageSchema":"1a1c01bbd47fc00a2c39e90264f33305004495a9","hash":"96cab93cbdb28ec8f33b3ad19823de83e94b0c2d"}
}
